{"C:\\School\\3rd\\SD\\Project\\QueueCare\\src\\firebase.js": {"path":"C:\\School\\3rd\\SD\\Project\\QueueCare\\src\\firebase.js","statementMap":{"0":{"start":{"line":10,"column":23},"end":{"line":18,"column":null}},"1":{"start":{"line":22,"column":6},"end":{"line":22,"column":41}},"2":{"start":{"line":23,"column":6},"end":{"line":23,"column":35}},"3":{"start":{"line":24,"column":6},"end":{"line":24,"column":25}},"4":{"start":{"line":25,"column":27},"end":{"line":25,"column":51}}},"fnMap":{},"branchMap":{},"s":{"0":1,"1":1,"2":1,"3":1,"4":1},"f":{},"b":{},"meta":{"lastBranch":0,"lastFunction":0,"lastStatement":5,"seen":{"s:10:23:18:Infinity":0,"s:22:6:22:41":1,"s:23:6:23:35":2,"s:24:6:24:25":3,"s:25:27:25:51":4}}}
,"C:\\School\\3rd\\SD\\Project\\QueueCare\\src\\assets\\images\\about_img.jpg": {"path":"C:\\School\\3rd\\SD\\Project\\QueueCare\\src\\assets\\images\\about_img.jpg","statementMap":{},"fnMap":{},"branchMap":{},"s":{},"f":{},"b":{},"meta":{"lastBranch":0,"lastFunction":0,"lastStatement":0,"seen":{}}}
,"C:\\School\\3rd\\SD\\Project\\QueueCare\\src\\assets\\images\\home_bg.jpg": {"path":"C:\\School\\3rd\\SD\\Project\\QueueCare\\src\\assets\\images\\home_bg.jpg","statementMap":{},"fnMap":{},"branchMap":{},"s":{},"f":{},"b":{},"meta":{"lastBranch":0,"lastFunction":0,"lastStatement":0,"seen":{}}}
,"C:\\School\\3rd\\SD\\Project\\QueueCare\\src\\components\\Welcome.css": {"path":"C:\\School\\3rd\\SD\\Project\\QueueCare\\src\\components\\Welcome.css","statementMap":{},"fnMap":{},"branchMap":{},"s":{},"f":{},"b":{},"meta":{"lastBranch":0,"lastFunction":0,"lastStatement":0,"seen":{}}}
,"C:\\School\\3rd\\SD\\Project\\QueueCare\\src\\components\\Welcome.jsx": {"path":"C:\\School\\3rd\\SD\\Project\\QueueCare\\src\\components\\Welcome.jsx","statementMap":{"0":{"start":{"line":23,"column":2},"end":{"line":401,"column":null}},"1":{"start":{"line":318,"column":35},"end":{"line":318,"column":53}}},"fnMap":{"0":{"name":"Welcome","decl":{"start":{"line":22,"column":9},"end":{"line":22,"column":19}},"loc":{"start":{"line":22,"column":19},"end":{"line":401,"column":null}},"line":22},"1":{"name":"(anonymous_1)","decl":{"start":{"line":318,"column":18},"end":{"line":318,"column":29}},"loc":{"start":{"line":318,"column":35},"end":{"line":318,"column":53}},"line":318}},"branchMap":{},"s":{"0":16,"1":0},"f":{"0":16,"1":0},"b":{},"meta":{"lastBranch":0,"lastFunction":2,"lastStatement":2,"seen":{"f:22:9:22:19":0,"s:23:2:401:Infinity":0,"f:318:18:318:29":1,"s:318:35:318:53":1}}}
}
