{"C:\\School\\3rd\\SD\\Project\\QueueCare\\src\\components\\Applications.jsx": {"path":"C:\\School\\3rd\\SD\\Project\\QueueCare\\src\\components\\Applications.jsx","statementMap":{"0":{"start":{"line":20,"column":22},"end":{"line":20,"column":null}},"1":{"start":{"line":21,"column":22},"end":{"line":21,"column":null}},"2":{"start":{"line":22,"column":6},"end":{"line":22,"column":58}},"3":{"start":{"line":26,"column":2},"end":{"line":26,"column":null}},"4":{"start":{"line":26,"column":14},"end":{"line":26,"column":null}},"5":{"start":{"line":27,"column":2},"end":{"line":30,"column":null}},"6":{"start":{"line":34,"column":2},"end":{"line":34,"column":null}},"7":{"start":{"line":34,"column":28},"end":{"line":34,"column":null}},"8":{"start":{"line":35,"column":13},"end":{"line":35,"column":41}},"9":{"start":{"line":36,"column":13},"end":{"line":36,"column":41}},"10":{"start":{"line":37,"column":13},"end":{"line":37,"column":41}},"11":{"start":{"line":38,"column":15},"end":{"line":38,"column":null}},"12":{"start":{"line":39,"column":15},"end":{"line":39,"column":41}},"13":{"start":{"line":40,"column":2},"end":{"line":40,"column":null}},"14":{"start":{"line":40,"column":90},"end":{"line":40,"column":null}},"15":{"start":{"line":41,"column":2},"end":{"line":41,"column":null}},"16":{"start":{"line":46,"column":14},"end":{"line":50,"column":null}},"17":{"start":{"line":51,"column":16},"end":{"line":51,"column":null}},"18":{"start":{"line":52,"column":2},"end":{"line":56,"column":null}},"19":{"start":{"line":70,"column":22},"end":{"line":70,"column":null}},"20":{"start":{"line":71,"column":22},"end":{"line":71,"column":null}},"21":{"start":{"line":73,"column":26},"end":{"line":73,"column":70}},"22":{"start":{"line":74,"column":26},"end":{"line":74,"column":64}},"23":{"start":{"line":75,"column":26},"end":{"line":75,"column":63}},"24":{"start":{"line":76,"column":26},"end":{"line":76,"column":61}},"25":{"start":{"line":77,"column":26},"end":{"line":77,"column":61}},"26":{"start":{"line":80,"column":26},"end":{"line":80,"column":60}},"27":{"start":{"line":81,"column":26},"end":{"line":81,"column":60}},"28":{"start":{"line":82,"column":26},"end":{"line":82,"column":62}},"29":{"start":{"line":83,"column":26},"end":{"line":83,"column":63}},"30":{"start":{"line":85,"column":15},"end":{"line":89,"column":4}},"31":{"start":{"line":92,"column":2},"end":{"line":102,"column":null}},"32":{"start":{"line":93,"column":4},"end":{"line":100,"column":null}},"33":{"start":{"line":94,"column":6},"end":{"line":100,"column":null}},"34":{"start":{"line":94,"column":25},"end":{"line":100,"column":9}},"35":{"start":{"line":105,"column":2},"end":{"line":107,"column":null}},"36":{"start":{"line":106,"column":4},"end":{"line":106,"column":null}},"37":{"start":{"line":106,"column":22},"end":{"line":106,"column":null}},"38":{"start":{"line":111,"column":4},"end":{"line":111,"column":null}},"39":{"start":{"line":111,"column":36},"end":{"line":111,"column":55}},"40":{"start":{"line":111,"column":55},"end":{"line":111,"column":null}},"41":{"start":{"line":112,"column":4},"end":{"line":112,"column":null}},"42":{"start":{"line":113,"column":4},"end":{"line":113,"column":null}},"43":{"start":{"line":114,"column":4},"end":{"line":124,"column":null}},"44":{"start":{"line":115,"column":35},"end":{"line":118,"column":52}},"45":{"start":{"line":119,"column":6},"end":{"line":119,"column":null}},"46":{"start":{"line":119,"column":15},"end":{"line":119,"column":null}},"47":{"start":{"line":120,"column":6},"end":{"line":120,"column":null}},"48":{"start":{"line":122,"column":6},"end":{"line":122,"column":null}},"49":{"start":{"line":124,"column":6},"end":{"line":124,"column":null}},"50":{"start":{"line":130,"column":4},"end":{"line":130,"column":null}},"51":{"start":{"line":131,"column":4},"end":{"line":131,"column":null}},"52":{"start":{"line":131,"column":25},"end":{"line":131,"column":47}},"53":{"start":{"line":131,"column":47},"end":{"line":131,"column":null}},"54":{"start":{"line":132,"column":4},"end":{"line":132,"column":null}},"55":{"start":{"line":133,"column":21},"end":{"line":137,"column":16}},"56":{"start":{"line":138,"column":4},"end":{"line":138,"column":null}},"57":{"start":{"line":139,"column":4},"end":{"line":139,"column":null}},"58":{"start":{"line":144,"column":4},"end":{"line":144,"column":null}},"59":{"start":{"line":145,"column":4},"end":{"line":145,"column":null}},"60":{"start":{"line":147,"column":4},"end":{"line":147,"column":null}},"61":{"start":{"line":147,"column":67},"end":{"line":147,"column":112}},"62":{"start":{"line":147,"column":112},"end":{"line":147,"column":null}},"63":{"start":{"line":148,"column":4},"end":{"line":148,"column":null}},"64":{"start":{"line":148,"column":38},"end":{"line":148,"column":76}},"65":{"start":{"line":148,"column":76},"end":{"line":148,"column":null}},"66":{"start":{"line":149,"column":4},"end":{"line":149,"column":null}},"67":{"start":{"line":149,"column":38},"end":{"line":149,"column":76}},"68":{"start":{"line":149,"column":76},"end":{"line":149,"column":null}},"69":{"start":{"line":150,"column":4},"end":{"line":150,"column":null}},"70":{"start":{"line":150,"column":38},"end":{"line":150,"column":76}},"71":{"start":{"line":150,"column":76},"end":{"line":150,"column":null}},"72":{"start":{"line":151,"column":4},"end":{"line":151,"column":null}},"73":{"start":{"line":151,"column":38},"end":{"line":151,"column":76}},"74":{"start":{"line":151,"column":76},"end":{"line":151,"column":null}},"75":{"start":{"line":152,"column":4},"end":{"line":152,"column":null}},"76":{"start":{"line":152,"column":38},"end":{"line":152,"column":76}},"77":{"start":{"line":152,"column":76},"end":{"line":152,"column":null}},"78":{"start":{"line":153,"column":4},"end":{"line":153,"column":null}},"79":{"start":{"line":153,"column":38},"end":{"line":153,"column":76}},"80":{"start":{"line":153,"column":76},"end":{"line":153,"column":null}},"81":{"start":{"line":155,"column":16},"end":{"line":155,"column":50}},"82":{"start":{"line":156,"column":4},"end":{"line":156,"column":null}},"83":{"start":{"line":156,"column":16},"end":{"line":156,"column":86}},"84":{"start":{"line":156,"column":86},"end":{"line":156,"column":null}},"85":{"start":{"line":157,"column":4},"end":{"line":157,"column":null}},"86":{"start":{"line":157,"column":40},"end":{"line":157,"column":81}},"87":{"start":{"line":157,"column":81},"end":{"line":157,"column":null}},"88":{"start":{"line":158,"column":4},"end":{"line":158,"column":null}},"89":{"start":{"line":158,"column":40},"end":{"line":158,"column":83}},"90":{"start":{"line":158,"column":83},"end":{"line":158,"column":null}},"91":{"start":{"line":159,"column":4},"end":{"line":159,"column":null}},"92":{"start":{"line":159,"column":40},"end":{"line":159,"column":91}},"93":{"start":{"line":159,"column":91},"end":{"line":159,"column":null}},"94":{"start":{"line":161,"column":4},"end":{"line":161,"column":null}},"95":{"start":{"line":163,"column":27},"end":{"line":184,"column":null}},"96":{"start":{"line":187,"column":4},"end":{"line":187,"column":null}},"97":{"start":{"line":188,"column":4},"end":{"line":188,"column":null}},"98":{"start":{"line":188,"column":15},"end":{"line":188,"column":73}},"99":{"start":{"line":188,"column":73},"end":{"line":188,"column":null}},"100":{"start":{"line":189,"column":4},"end":{"line":189,"column":null}},"101":{"start":{"line":189,"column":21},"end":{"line":189,"column":null}},"102":{"start":{"line":194,"column":4},"end":{"line":194,"column":null}},"103":{"start":{"line":194,"column":22},"end":{"line":194,"column":null}},"104":{"start":{"line":195,"column":4},"end":{"line":195,"column":null}},"105":{"start":{"line":196,"column":4},"end":{"line":196,"column":null}},"106":{"start":{"line":197,"column":16},"end":{"line":197,"column":40}},"107":{"start":{"line":199,"column":4},"end":{"line":264,"column":null}},"108":{"start":{"line":200,"column":6},"end":{"line":201,"column":null}},"109":{"start":{"line":201,"column":8},"end":{"line":201,"column":null}},"110":{"start":{"line":203,"column":26},"end":{"line":203,"column":null}},"111":{"start":{"line":206,"column":33},"end":{"line":208,"column":75}},"112":{"start":{"line":210,"column":22},"end":{"line":210,"column":null}},"113":{"start":{"line":212,"column":6},"end":{"line":230,"column":null}},"114":{"start":{"line":213,"column":31},"end":{"line":218,"column":30}},"115":{"start":{"line":219,"column":8},"end":{"line":219,"column":null}},"116":{"start":{"line":219,"column":17},"end":{"line":219,"column":null}},"117":{"start":{"line":221,"column":47},"end":{"line":228,"column":32}},"118":{"start":{"line":229,"column":8},"end":{"line":229,"column":null}},"119":{"start":{"line":229,"column":17},"end":{"line":229,"column":null}},"120":{"start":{"line":230,"column":8},"end":{"line":230,"column":null}},"121":{"start":{"line":234,"column":6},"end":{"line":248,"column":null}},"122":{"start":{"line":235,"column":8},"end":{"line":235,"column":null}},"123":{"start":{"line":235,"column":36},"end":{"line":235,"column":null}},"124":{"start":{"line":237,"column":45},"end":{"line":239,"column":93}},"125":{"start":{"line":241,"column":8},"end":{"line":248,"column":null}},"126":{"start":{"line":242,"column":33},"end":{"line":243,"column":70}},"127":{"start":{"line":244,"column":10},"end":{"line":244,"column":null}},"128":{"start":{"line":244,"column":19},"end":{"line":244,"column":null}},"129":{"start":{"line":246,"column":33},"end":{"line":247,"column":97}},"130":{"start":{"line":248,"column":10},"end":{"line":248,"column":null}},"131":{"start":{"line":248,"column":19},"end":{"line":248,"column":null}},"132":{"start":{"line":253,"column":29},"end":{"line":255,"column":33}},"133":{"start":{"line":256,"column":6},"end":{"line":256,"column":null}},"134":{"start":{"line":256,"column":15},"end":{"line":256,"column":null}},"135":{"start":{"line":258,"column":6},"end":{"line":258,"column":null}},"136":{"start":{"line":258,"column":25},"end":{"line":258,"column":null}},"137":{"start":{"line":259,"column":6},"end":{"line":259,"column":null}},"138":{"start":{"line":260,"column":6},"end":{"line":260,"column":null}},"139":{"start":{"line":262,"column":6},"end":{"line":262,"column":null}},"140":{"start":{"line":264,"column":6},"end":{"line":264,"column":null}},"141":{"start":{"line":270,"column":4},"end":{"line":270,"column":null}},"142":{"start":{"line":270,"column":22},"end":{"line":270,"column":null}},"143":{"start":{"line":271,"column":4},"end":{"line":271,"column":null}},"144":{"start":{"line":272,"column":4},"end":{"line":272,"column":null}},"145":{"start":{"line":273,"column":4},"end":{"line":282,"column":null}},"146":{"start":{"line":274,"column":29},"end":{"line":276,"column":32}},"147":{"start":{"line":277,"column":6},"end":{"line":277,"column":null}},"148":{"start":{"line":277,"column":15},"end":{"line":277,"column":null}},"149":{"start":{"line":278,"column":6},"end":{"line":278,"column":null}},"150":{"start":{"line":280,"column":6},"end":{"line":280,"column":null}},"151":{"start":{"line":282,"column":6},"end":{"line":282,"column":null}},"152":{"start":{"line":287,"column":2},"end":{"line":407,"column":null}},"153":{"start":{"line":288,"column":10},"end":{"line":288,"column":87}},"154":{"start":{"line":288,"column":17},"end":{"line":288,"column":87}},"155":{"start":{"line":288,"column":32},"end":{"line":288,"column":87}},"156":{"start":{"line":288,"column":51},"end":{"line":288,"column":87}},"157":{"start":{"line":290,"column":4},"end":{"line":407,"column":null}},"158":{"start":{"line":332,"column":18},"end":{"line":336,"column":null}},"159":{"start":{"line":334,"column":35},"end":{"line":334,"column":75}},"160":{"start":{"line":334,"column":54},"end":{"line":334,"column":75}},"161":{"start":{"line":346,"column":35},"end":{"line":346,"column":107}},"162":{"start":{"line":346,"column":51},"end":{"line":346,"column":107}},"163":{"start":{"line":366,"column":35},"end":{"line":366,"column":60}},"164":{"start":{"line":366,"column":60},"end":{"line":366,"column":null}},"165":{"start":{"line":372,"column":20},"end":{"line":376,"column":null}},"166":{"start":{"line":373,"column":39},"end":{"line":373,"column":61}},"167":{"start":{"line":373,"column":61},"end":{"line":373,"column":85}},"168":{"start":{"line":373,"column":85},"end":{"line":373,"column":null}},"169":{"start":{"line":412,"column":2},"end":{"line":419,"column":null}},"170":{"start":{"line":413,"column":4},"end":{"line":419,"column":null}},"171":{"start":{"line":423,"column":2},"end":{"line":496,"column":null}},"172":{"start":{"line":445,"column":14},"end":{"line":491,"column":null}},"173":{"start":{"line":472,"column":20},"end":{"line":472,"column":null}},"174":{"start":{"line":482,"column":37},"end":{"line":482,"column":62}},"175":{"start":{"line":486,"column":37},"end":{"line":486,"column":60}},"176":{"start":{"line":501,"column":11},"end":{"line":551,"column":null}}},"fnMap":{"0":{"name":"formatDateTime","decl":{"start":{"line":25,"column":9},"end":{"line":25,"column":24}},"loc":{"start":{"line":25,"column":31},"end":{"line":30,"column":null}},"line":25},"1":{"name":"dobFromSAId","decl":{"start":{"line":33,"column":9},"end":{"line":33,"column":21}},"loc":{"start":{"line":33,"column":25},"end":{"line":41,"column":null}},"line":33},"2":{"name":"StatusBadge","decl":{"start":{"line":45,"column":9},"end":{"line":45,"column":21}},"loc":{"start":{"line":45,"column":33},"end":{"line":56,"column":null}},"line":45},"3":{"name":"Applications","decl":{"start":{"line":61,"column":24},"end":{"line":61,"column":37}},"loc":{"start":{"line":69,"column":3},"end":{"line":496,"column":null}},"line":69},"4":{"name":"(anonymous_4)","decl":{"start":{"line":92,"column":2},"end":{"line":92,"column":18}},"loc":{"start":{"line":92,"column":18},"end":{"line":102,"column":6}},"line":92},"5":{"name":"(anonymous_5)","decl":{"start":{"line":94,"column":6},"end":{"line":94,"column":15}},"loc":{"start":{"line":94,"column":25},"end":{"line":100,"column":9}},"line":94},"6":{"name":"(anonymous_6)","decl":{"start":{"line":105,"column":2},"end":{"line":105,"column":18}},"loc":{"start":{"line":105,"column":18},"end":{"line":107,"column":6}},"line":105},"7":{"name":"loadData","decl":{"start":{"line":110,"column":17},"end":{"line":110,"column":28}},"loc":{"start":{"line":110,"column":28},"end":{"line":124,"column":null}},"line":110},"8":{"name":"searchClinics","decl":{"start":{"line":129,"column":17},"end":{"line":129,"column":31}},"loc":{"start":{"line":129,"column":38},"end":{"line":139,"column":null}},"line":129},"9":{"name":"handleApplySubmit","decl":{"start":{"line":143,"column":17},"end":{"line":143,"column":35}},"loc":{"start":{"line":143,"column":38},"end":{"line":189,"column":null}},"line":143},"10":{"name":"approveApplication","decl":{"start":{"line":193,"column":17},"end":{"line":193,"column":36}},"loc":{"start":{"line":193,"column":49},"end":{"line":264,"column":null}},"line":193},"11":{"name":"rejectApplication","decl":{"start":{"line":269,"column":17},"end":{"line":269,"column":35}},"loc":{"start":{"line":269,"column":50},"end":{"line":282,"column":null}},"line":269},"12":{"name":"(anonymous_12)","decl":{"start":{"line":288,"column":10},"end":{"line":288,"column":17}},"loc":{"start":{"line":288,"column":17},"end":{"line":288,"column":87}},"line":288},"13":{"name":"(anonymous_13)","decl":{"start":{"line":288,"column":17},"end":{"line":288,"column":26}},"loc":{"start":{"line":288,"column":32},"end":{"line":288,"column":87}},"line":288},"14":{"name":"(anonymous_14)","decl":{"start":{"line":288,"column":32},"end":{"line":288,"column":41}},"loc":{"start":{"line":288,"column":51},"end":{"line":288,"column":87}},"line":288},"15":{"name":"(anonymous_15)","decl":{"start":{"line":331,"column":45},"end":{"line":331,"column":50}},"loc":{"start":{"line":332,"column":18},"end":{"line":336,"column":null}},"line":332},"16":{"name":"(anonymous_16)","decl":{"start":{"line":334,"column":20},"end":{"line":334,"column":35}},"loc":{"start":{"line":334,"column":35},"end":{"line":334,"column":75}},"line":334},"17":{"name":"(anonymous_17)","decl":{"start":{"line":334,"column":35},"end":{"line":334,"column":44}},"loc":{"start":{"line":334,"column":54},"end":{"line":334,"column":75}},"line":334},"18":{"name":"(anonymous_18)","decl":{"start":{"line":346,"column":18},"end":{"line":346,"column":29}},"loc":{"start":{"line":346,"column":35},"end":{"line":346,"column":107}},"line":346},"19":{"name":"(anonymous_19)","decl":{"start":{"line":346,"column":35},"end":{"line":346,"column":44}},"loc":{"start":{"line":346,"column":51},"end":{"line":346,"column":107}},"line":346},"20":{"name":"(anonymous_20)","decl":{"start":{"line":366,"column":16},"end":{"line":366,"column":27}},"loc":{"start":{"line":366,"column":33},"end":{"line":366,"column":null}},"line":366},"21":{"name":"(anonymous_21)","decl":{"start":{"line":371,"column":33},"end":{"line":371,"column":38}},"loc":{"start":{"line":372,"column":20},"end":{"line":376,"column":null}},"line":372},"22":{"name":"(anonymous_22)","decl":{"start":{"line":373,"column":22},"end":{"line":373,"column":37}},"loc":{"start":{"line":373,"column":37},"end":{"line":373,"column":null}},"line":373},"23":{"name":"(anonymous_23)","decl":{"start":{"line":444,"column":29},"end":{"line":444,"column":34}},"loc":{"start":{"line":445,"column":14},"end":{"line":491,"column":null}},"line":445},"24":{"name":"(anonymous_24)","decl":{"start":{"line":471,"column":20},"end":{"line":471,"column":25}},"loc":{"start":{"line":472,"column":20},"end":{"line":472,"column":null}},"line":472},"25":{"name":"(anonymous_25)","decl":{"start":{"line":482,"column":22},"end":{"line":482,"column":37}},"loc":{"start":{"line":482,"column":37},"end":{"line":482,"column":62}},"line":482},"26":{"name":"(anonymous_26)","decl":{"start":{"line":486,"column":22},"end":{"line":486,"column":37}},"loc":{"start":{"line":486,"column":37},"end":{"line":486,"column":60}},"line":486}},"branchMap":{"0":{"loc":{"start":{"line":26,"column":2},"end":{"line":26,"column":null}},"type":"if","locations":[{"start":{"line":26,"column":2},"end":{"line":26,"column":null}},{"start":{},"end":{}}],"line":26},"1":{"loc":{"start":{"line":34,"column":2},"end":{"line":34,"column":null}},"type":"if","locations":[{"start":{"line":34,"column":2},"end":{"line":34,"column":null}},{"start":{},"end":{}}],"line":34},"2":{"loc":{"start":{"line":38,"column":15},"end":{"line":38,"column":null}},"type":"cond-expr","locations":[{"start":{"line":38,"column":26},"end":{"line":38,"column":38}},{"start":{"line":38,"column":38},"end":{"line":38,"column":null}}],"line":38},"3":{"loc":{"start":{"line":40,"column":2},"end":{"line":40,"column":null}},"type":"if","locations":[{"start":{"line":40,"column":2},"end":{"line":40,"column":null}},{"start":{},"end":{}}],"line":40},"4":{"loc":{"start":{"line":40,"column":6},"end":{"line":40,"column":90}},"type":"binary-expr","locations":[{"start":{"line":40,"column":6},"end":{"line":40,"column":37}},{"start":{"line":40,"column":37},"end":{"line":40,"column":67}},{"start":{"line":40,"column":67},"end":{"line":40,"column":90}}],"line":40},"5":{"loc":{"start":{"line":51,"column":16},"end":{"line":51,"column":null}},"type":"binary-expr","locations":[{"start":{"line":51,"column":16},"end":{"line":51,"column":31}},{"start":{"line":51,"column":31},"end":{"line":51,"column":null}}],"line":51},"6":{"loc":{"start":{"line":55,"column":7},"end":{"line":55,"column":null}},"type":"binary-expr","locations":[{"start":{"line":55,"column":7},"end":{"line":55,"column":17}},{"start":{"line":55,"column":17},"end":{"line":55,"column":null}}],"line":55},"7":{"loc":{"start":{"line":62,"column":2},"end":{"line":62,"column":null}},"type":"default-arg","locations":[{"start":{"line":62,"column":17},"end":{"line":62,"column":null}}],"line":62},"8":{"loc":{"start":{"line":64,"column":2},"end":{"line":64,"column":null}},"type":"default-arg","locations":[{"start":{"line":64,"column":17},"end":{"line":64,"column":null}}],"line":64},"9":{"loc":{"start":{"line":65,"column":2},"end":{"line":65,"column":null}},"type":"default-arg","locations":[{"start":{"line":65,"column":17},"end":{"line":65,"column":null}}],"line":65},"10":{"loc":{"start":{"line":66,"column":2},"end":{"line":66,"column":null}},"type":"default-arg","locations":[{"start":{"line":66,"column":17},"end":{"line":66,"column":null}}],"line":66},"11":{"loc":{"start":{"line":71,"column":22},"end":{"line":71,"column":null}},"type":"binary-expr","locations":[{"start":{"line":71,"column":22},"end":{"line":71,"column":38}},{"start":{"line":71,"column":38},"end":{"line":71,"column":null}}],"line":71},"12":{"loc":{"start":{"line":93,"column":4},"end":{"line":100,"column":null}},"type":"if","locations":[{"start":{"line":93,"column":4},"end":{"line":100,"column":null}},{"start":{},"end":{}}],"line":93},"13":{"loc":{"start":{"line":93,"column":8},"end":{"line":93,"column":33}},"type":"binary-expr","locations":[{"start":{"line":93,"column":8},"end":{"line":93,"column":23}},{"start":{"line":93,"column":23},"end":{"line":93,"column":33}}],"line":93},"14":{"loc":{"start":{"line":96,"column":22},"end":{"line":96,"column":null}},"type":"binary-expr","locations":[{"start":{"line":96,"column":22},"end":{"line":96,"column":43}},{"start":{"line":96,"column":43},"end":{"line":96,"column":63}},{"start":{"line":96,"column":63},"end":{"line":96,"column":null}}],"line":96},"15":{"loc":{"start":{"line":97,"column":22},"end":{"line":97,"column":null}},"type":"binary-expr","locations":[{"start":{"line":97,"column":22},"end":{"line":97,"column":43}},{"start":{"line":97,"column":43},"end":{"line":97,"column":64}},{"start":{"line":97,"column":64},"end":{"line":97,"column":null}}],"line":97},"16":{"loc":{"start":{"line":98,"column":22},"end":{"line":98,"column":null}},"type":"binary-expr","locations":[{"start":{"line":98,"column":22},"end":{"line":98,"column":43}},{"start":{"line":98,"column":43},"end":{"line":98,"column":64}},{"start":{"line":98,"column":64},"end":{"line":98,"column":null}}],"line":98},"17":{"loc":{"start":{"line":99,"column":22},"end":{"line":99,"column":null}},"type":"binary-expr","locations":[{"start":{"line":99,"column":22},"end":{"line":99,"column":43}},{"start":{"line":99,"column":43},"end":{"line":99,"column":63}},{"start":{"line":99,"column":63},"end":{"line":99,"column":null}}],"line":99},"18":{"loc":{"start":{"line":106,"column":4},"end":{"line":106,"column":null}},"type":"if","locations":[{"start":{"line":106,"column":4},"end":{"line":106,"column":null}},{"start":{},"end":{}}],"line":106},"19":{"loc":{"start":{"line":111,"column":4},"end":{"line":111,"column":null}},"type":"if","locations":[{"start":{"line":111,"column":4},"end":{"line":111,"column":null}},{"start":{},"end":{}}],"line":111},"20":{"loc":{"start":{"line":111,"column":8},"end":{"line":111,"column":34}},"type":"binary-expr","locations":[{"start":{"line":111,"column":8},"end":{"line":111,"column":24}},{"start":{"line":111,"column":24},"end":{"line":111,"column":34}}],"line":111},"21":{"loc":{"start":{"line":119,"column":6},"end":{"line":119,"column":null}},"type":"if","locations":[{"start":{"line":119,"column":6},"end":{"line":119,"column":null}},{"start":{},"end":{}}],"line":119},"22":{"loc":{"start":{"line":120,"column":25},"end":{"line":120,"column":35}},"type":"binary-expr","locations":[{"start":{"line":120,"column":25},"end":{"line":120,"column":33}},{"start":{"line":120,"column":33},"end":{"line":120,"column":35}}],"line":120},"23":{"loc":{"start":{"line":122,"column":15},"end":{"line":122,"column":61}},"type":"binary-expr","locations":[{"start":{"line":122,"column":15},"end":{"line":122,"column":30}},{"start":{"line":122,"column":30},"end":{"line":122,"column":61}}],"line":122},"24":{"loc":{"start":{"line":131,"column":4},"end":{"line":131,"column":null}},"type":"if","locations":[{"start":{"line":131,"column":4},"end":{"line":131,"column":null}},{"start":{},"end":{}}],"line":131},"25":{"loc":{"start":{"line":139,"column":21},"end":{"line":139,"column":31}},"type":"binary-expr","locations":[{"start":{"line":139,"column":21},"end":{"line":139,"column":29}},{"start":{"line":139,"column":29},"end":{"line":139,"column":31}}],"line":139},"26":{"loc":{"start":{"line":147,"column":4},"end":{"line":147,"column":null}},"type":"if","locations":[{"start":{"line":147,"column":4},"end":{"line":147,"column":null}},{"start":{},"end":{}}],"line":147},"27":{"loc":{"start":{"line":147,"column":8},"end":{"line":147,"column":65}},"type":"binary-expr","locations":[{"start":{"line":147,"column":8},"end":{"line":147,"column":36}},{"start":{"line":147,"column":36},"end":{"line":147,"column":65}}],"line":147},"28":{"loc":{"start":{"line":148,"column":4},"end":{"line":148,"column":null}},"type":"if","locations":[{"start":{"line":148,"column":4},"end":{"line":148,"column":null}},{"start":{},"end":{}}],"line":148},"29":{"loc":{"start":{"line":149,"column":4},"end":{"line":149,"column":null}},"type":"if","locations":[{"start":{"line":149,"column":4},"end":{"line":149,"column":null}},{"start":{},"end":{}}],"line":149},"30":{"loc":{"start":{"line":150,"column":4},"end":{"line":150,"column":null}},"type":"if","locations":[{"start":{"line":150,"column":4},"end":{"line":150,"column":null}},{"start":{},"end":{}}],"line":150},"31":{"loc":{"start":{"line":151,"column":4},"end":{"line":151,"column":null}},"type":"if","locations":[{"start":{"line":151,"column":4},"end":{"line":151,"column":null}},{"start":{},"end":{}}],"line":151},"32":{"loc":{"start":{"line":152,"column":4},"end":{"line":152,"column":null}},"type":"if","locations":[{"start":{"line":152,"column":4},"end":{"line":152,"column":null}},{"start":{},"end":{}}],"line":152},"33":{"loc":{"start":{"line":153,"column":4},"end":{"line":153,"column":null}},"type":"if","locations":[{"start":{"line":153,"column":4},"end":{"line":153,"column":null}},{"start":{},"end":{}}],"line":153},"34":{"loc":{"start":{"line":156,"column":4},"end":{"line":156,"column":null}},"type":"if","locations":[{"start":{"line":156,"column":4},"end":{"line":156,"column":null}},{"start":{},"end":{}}],"line":156},"35":{"loc":{"start":{"line":157,"column":4},"end":{"line":157,"column":null}},"type":"if","locations":[{"start":{"line":157,"column":4},"end":{"line":157,"column":null}},{"start":{},"end":{}}],"line":157},"36":{"loc":{"start":{"line":158,"column":4},"end":{"line":158,"column":null}},"type":"if","locations":[{"start":{"line":158,"column":4},"end":{"line":158,"column":null}},{"start":{},"end":{}}],"line":158},"37":{"loc":{"start":{"line":159,"column":4},"end":{"line":159,"column":null}},"type":"if","locations":[{"start":{"line":159,"column":4},"end":{"line":159,"column":null}},{"start":{},"end":{}}],"line":159},"38":{"loc":{"start":{"line":167,"column":26},"end":{"line":167,"column":null}},"type":"binary-expr","locations":[{"start":{"line":167,"column":26},"end":{"line":167,"column":42}},{"start":{"line":167,"column":42},"end":{"line":167,"column":null}}],"line":167},"39":{"loc":{"start":{"line":177,"column":26},"end":{"line":177,"column":null}},"type":"binary-expr","locations":[{"start":{"line":177,"column":26},"end":{"line":177,"column":52}},{"start":{"line":177,"column":56},"end":{"line":177,"column":null}}],"line":177},"40":{"loc":{"start":{"line":181,"column":26},"end":{"line":181,"column":null}},"type":"binary-expr","locations":[{"start":{"line":181,"column":26},"end":{"line":181,"column":48}},{"start":{"line":181,"column":52},"end":{"line":181,"column":null}}],"line":181},"41":{"loc":{"start":{"line":188,"column":4},"end":{"line":188,"column":null}},"type":"if","locations":[{"start":{"line":188,"column":4},"end":{"line":188,"column":null}},{"start":{},"end":{}}],"line":188},"42":{"loc":{"start":{"line":188,"column":24},"end":{"line":188,"column":71}},"type":"binary-expr","locations":[{"start":{"line":188,"column":24},"end":{"line":188,"column":39}},{"start":{"line":188,"column":39},"end":{"line":188,"column":71}}],"line":188},"43":{"loc":{"start":{"line":189,"column":4},"end":{"line":189,"column":null}},"type":"if","locations":[{"start":{"line":189,"column":4},"end":{"line":189,"column":null}},{"start":{},"end":{}}],"line":189},"44":{"loc":{"start":{"line":194,"column":4},"end":{"line":194,"column":null}},"type":"if","locations":[{"start":{"line":194,"column":4},"end":{"line":194,"column":null}},{"start":{},"end":{}}],"line":194},"45":{"loc":{"start":{"line":200,"column":6},"end":{"line":201,"column":null}},"type":"if","locations":[{"start":{"line":200,"column":6},"end":{"line":201,"column":null}},{"start":{},"end":{}}],"line":200},"46":{"loc":{"start":{"line":200,"column":10},"end":{"line":200,"column":null}},"type":"binary-expr","locations":[{"start":{"line":200,"column":10},"end":{"line":200,"column":40}},{"start":{"line":200,"column":40},"end":{"line":200,"column":null}}],"line":200},"47":{"loc":{"start":{"line":203,"column":26},"end":{"line":203,"column":null}},"type":"cond-expr","locations":[{"start":{"line":203,"column":67},"end":{"line":203,"column":77}},{"start":{"line":203,"column":77},"end":{"line":203,"column":null}}],"line":203},"48":{"loc":{"start":{"line":210,"column":22},"end":{"line":210,"column":null}},"type":"binary-expr","locations":[{"start":{"line":210,"column":22},"end":{"line":210,"column":38}},{"start":{"line":210,"column":38},"end":{"line":210,"column":null}}],"line":210},"49":{"loc":{"start":{"line":212,"column":6},"end":{"line":230,"column":null}},"type":"if","locations":[{"start":{"line":212,"column":6},"end":{"line":230,"column":null}},{"start":{"line":220,"column":13},"end":{"line":230,"column":null}}],"line":212},"50":{"loc":{"start":{"line":214,"column":16},"end":{"line":214,"column":40}},"type":"binary-expr","locations":[{"start":{"line":214,"column":16},"end":{"line":214,"column":36}},{"start":{"line":214,"column":36},"end":{"line":214,"column":40}}],"line":214},"51":{"loc":{"start":{"line":214,"column":49},"end":{"line":214,"column":null}},"type":"binary-expr","locations":[{"start":{"line":214,"column":49},"end":{"line":214,"column":72}},{"start":{"line":214,"column":72},"end":{"line":214,"column":null}}],"line":214},"52":{"loc":{"start":{"line":215,"column":17},"end":{"line":215,"column":44}},"type":"binary-expr","locations":[{"start":{"line":215,"column":17},"end":{"line":215,"column":38}},{"start":{"line":215,"column":38},"end":{"line":215,"column":44}}],"line":215},"53":{"loc":{"start":{"line":215,"column":58},"end":{"line":215,"column":null}},"type":"binary-expr","locations":[{"start":{"line":215,"column":58},"end":{"line":215,"column":86}},{"start":{"line":215,"column":86},"end":{"line":215,"column":null}}],"line":215},"54":{"loc":{"start":{"line":216,"column":15},"end":{"line":216,"column":40}},"type":"binary-expr","locations":[{"start":{"line":216,"column":15},"end":{"line":216,"column":34}},{"start":{"line":216,"column":34},"end":{"line":216,"column":40}}],"line":216},"55":{"loc":{"start":{"line":216,"column":45},"end":{"line":216,"column":null}},"type":"binary-expr","locations":[{"start":{"line":216,"column":45},"end":{"line":216,"column":64}},{"start":{"line":216,"column":64},"end":{"line":216,"column":null}}],"line":216},"56":{"loc":{"start":{"line":217,"column":21},"end":{"line":217,"column":52}},"type":"binary-expr","locations":[{"start":{"line":217,"column":21},"end":{"line":217,"column":46}},{"start":{"line":217,"column":46},"end":{"line":217,"column":52}}],"line":217},"57":{"loc":{"start":{"line":219,"column":8},"end":{"line":219,"column":null}},"type":"if","locations":[{"start":{"line":219,"column":8},"end":{"line":219,"column":null}},{"start":{},"end":{}}],"line":219},"58":{"loc":{"start":{"line":224,"column":16},"end":{"line":224,"column":40}},"type":"binary-expr","locations":[{"start":{"line":224,"column":16},"end":{"line":224,"column":36}},{"start":{"line":224,"column":36},"end":{"line":224,"column":40}}],"line":224},"59":{"loc":{"start":{"line":224,"column":49},"end":{"line":224,"column":null}},"type":"binary-expr","locations":[{"start":{"line":224,"column":49},"end":{"line":224,"column":72}},{"start":{"line":224,"column":72},"end":{"line":224,"column":null}}],"line":224},"60":{"loc":{"start":{"line":225,"column":17},"end":{"line":225,"column":44}},"type":"binary-expr","locations":[{"start":{"line":225,"column":17},"end":{"line":225,"column":38}},{"start":{"line":225,"column":38},"end":{"line":225,"column":44}}],"line":225},"61":{"loc":{"start":{"line":225,"column":58},"end":{"line":225,"column":null}},"type":"binary-expr","locations":[{"start":{"line":225,"column":58},"end":{"line":225,"column":86}},{"start":{"line":225,"column":86},"end":{"line":225,"column":null}}],"line":225},"62":{"loc":{"start":{"line":226,"column":15},"end":{"line":226,"column":40}},"type":"binary-expr","locations":[{"start":{"line":226,"column":15},"end":{"line":226,"column":34}},{"start":{"line":226,"column":34},"end":{"line":226,"column":40}}],"line":226},"63":{"loc":{"start":{"line":226,"column":45},"end":{"line":226,"column":null}},"type":"binary-expr","locations":[{"start":{"line":226,"column":45},"end":{"line":226,"column":64}},{"start":{"line":226,"column":64},"end":{"line":226,"column":null}}],"line":226},"64":{"loc":{"start":{"line":227,"column":21},"end":{"line":227,"column":52}},"type":"binary-expr","locations":[{"start":{"line":227,"column":21},"end":{"line":227,"column":46}},{"start":{"line":227,"column":46},"end":{"line":227,"column":52}}],"line":227},"65":{"loc":{"start":{"line":229,"column":8},"end":{"line":229,"column":null}},"type":"if","locations":[{"start":{"line":229,"column":8},"end":{"line":229,"column":null}},{"start":{},"end":{}}],"line":229},"66":{"loc":{"start":{"line":234,"column":6},"end":{"line":248,"column":null}},"type":"if","locations":[{"start":{"line":234,"column":6},"end":{"line":248,"column":null}},{"start":{},"end":{}}],"line":234},"67":{"loc":{"start":{"line":235,"column":8},"end":{"line":235,"column":null}},"type":"if","locations":[{"start":{"line":235,"column":8},"end":{"line":235,"column":null}},{"start":{},"end":{}}],"line":235},"68":{"loc":{"start":{"line":241,"column":8},"end":{"line":248,"column":null}},"type":"if","locations":[{"start":{"line":241,"column":8},"end":{"line":248,"column":null}},{"start":{"line":245,"column":15},"end":{"line":248,"column":null}}],"line":241},"69":{"loc":{"start":{"line":244,"column":10},"end":{"line":244,"column":null}},"type":"if","locations":[{"start":{"line":244,"column":10},"end":{"line":244,"column":null}},{"start":{},"end":{}}],"line":244},"70":{"loc":{"start":{"line":248,"column":10},"end":{"line":248,"column":null}},"type":"if","locations":[{"start":{"line":248,"column":10},"end":{"line":248,"column":null}},{"start":{},"end":{}}],"line":248},"71":{"loc":{"start":{"line":256,"column":6},"end":{"line":256,"column":null}},"type":"if","locations":[{"start":{"line":256,"column":6},"end":{"line":256,"column":null}},{"start":{},"end":{}}],"line":256},"72":{"loc":{"start":{"line":258,"column":6},"end":{"line":258,"column":null}},"type":"if","locations":[{"start":{"line":258,"column":6},"end":{"line":258,"column":null}},{"start":{},"end":{}}],"line":258},"73":{"loc":{"start":{"line":262,"column":15},"end":{"line":262,"column":63}},"type":"binary-expr","locations":[{"start":{"line":262,"column":15},"end":{"line":262,"column":30}},{"start":{"line":262,"column":30},"end":{"line":262,"column":63}}],"line":262},"74":{"loc":{"start":{"line":270,"column":4},"end":{"line":270,"column":null}},"type":"if","locations":[{"start":{"line":270,"column":4},"end":{"line":270,"column":null}},{"start":{},"end":{}}],"line":270},"75":{"loc":{"start":{"line":277,"column":6},"end":{"line":277,"column":null}},"type":"if","locations":[{"start":{"line":277,"column":6},"end":{"line":277,"column":null}},{"start":{},"end":{}}],"line":277},"76":{"loc":{"start":{"line":280,"column":15},"end":{"line":280,"column":62}},"type":"binary-expr","locations":[{"start":{"line":280,"column":15},"end":{"line":280,"column":30}},{"start":{"line":280,"column":30},"end":{"line":280,"column":62}}],"line":280},"77":{"loc":{"start":{"line":287,"column":2},"end":{"line":407,"column":null}},"type":"if","locations":[{"start":{"line":287,"column":2},"end":{"line":407,"column":null}},{"start":{},"end":{}}],"line":287},"78":{"loc":{"start":{"line":293,"column":11},"end":{"line":294,"column":null}},"type":"binary-expr","locations":[{"start":{"line":293,"column":11},"end":{"line":293,"column":null}},{"start":{"line":294,"column":12},"end":{"line":294,"column":null}}],"line":293},"79":{"loc":{"start":{"line":300,"column":11},"end":{"line":300,"column":null}},"type":"binary-expr","locations":[{"start":{"line":300,"column":11},"end":{"line":300,"column":20}},{"start":{"line":300,"column":20},"end":{"line":300,"column":null}}],"line":300},"80":{"loc":{"start":{"line":333,"column":50},"end":{"line":333,"column":93}},"type":"cond-expr","locations":[{"start":{"line":333,"column":67},"end":{"line":333,"column":88}},{"start":{"line":333,"column":88},"end":{"line":333,"column":93}}],"line":333},"81":{"loc":{"start":{"line":365,"column":23},"end":{"line":365,"column":null}},"type":"cond-expr","locations":[{"start":{"line":365,"column":40},"end":{"line":365,"column":62}},{"start":{"line":365,"column":62},"end":{"line":365,"column":null}}],"line":365},"82":{"loc":{"start":{"line":369,"column":15},"end":{"line":378,"column":null}},"type":"binary-expr","locations":[{"start":{"line":369,"column":15},"end":{"line":369,"column":34}},{"start":{"line":369,"column":34},"end":{"line":369,"column":null}},{"start":{"line":370,"column":16},"end":{"line":378,"column":null}}],"line":369},"83":{"loc":{"start":{"line":375,"column":50},"end":{"line":375,"column":68}},"type":"binary-expr","locations":[{"start":{"line":375,"column":50},"end":{"line":375,"column":64}},{"start":{"line":375,"column":64},"end":{"line":375,"column":68}}],"line":375},"84":{"loc":{"start":{"line":375,"column":71},"end":{"line":375,"column":null}},"type":"binary-expr","locations":[{"start":{"line":375,"column":71},"end":{"line":375,"column":85}},{"start":{"line":375,"column":85},"end":{"line":375,"column":null}}],"line":375},"85":{"loc":{"start":{"line":381,"column":15},"end":{"line":381,"column":null}},"type":"binary-expr","locations":[{"start":{"line":381,"column":15},"end":{"line":381,"column":35}},{"start":{"line":381,"column":35},"end":{"line":381,"column":null}}],"line":381},"86":{"loc":{"start":{"line":382,"column":15},"end":{"line":383,"column":null}},"type":"binary-expr","locations":[{"start":{"line":382,"column":15},"end":{"line":382,"column":null}},{"start":{"line":383,"column":16},"end":{"line":383,"column":null}}],"line":382},"87":{"loc":{"start":{"line":402,"column":17},"end":{"line":402,"column":null}},"type":"cond-expr","locations":[{"start":{"line":402,"column":30},"end":{"line":402,"column":46}},{"start":{"line":402,"column":46},"end":{"line":402,"column":null}}],"line":402},"88":{"loc":{"start":{"line":412,"column":2},"end":{"line":419,"column":null}},"type":"if","locations":[{"start":{"line":412,"column":2},"end":{"line":419,"column":null}},{"start":{},"end":{}}],"line":412},"89":{"loc":{"start":{"line":432,"column":13},"end":{"line":432,"column":null}},"type":"cond-expr","locations":[{"start":{"line":432,"column":23},"end":{"line":432,"column":39}},{"start":{"line":432,"column":39},"end":{"line":432,"column":null}}],"line":432},"90":{"loc":{"start":{"line":436,"column":9},"end":{"line":436,"column":null}},"type":"binary-expr","locations":[{"start":{"line":436,"column":9},"end":{"line":436,"column":18}},{"start":{"line":436,"column":18},"end":{"line":436,"column":null}}],"line":436},"91":{"loc":{"start":{"line":438,"column":9},"end":{"line":493,"column":null}},"type":"cond-expr","locations":[{"start":{"line":439,"column":10},"end":{"line":440,"column":28}},{"start":{"line":440,"column":12},"end":{"line":493,"column":null}}],"line":438},"92":{"loc":{"start":{"line":440,"column":12},"end":{"line":493,"column":null}},"type":"cond-expr","locations":[{"start":{"line":441,"column":10},"end":{"line":443,"column":11}},{"start":{"line":443,"column":10},"end":{"line":493,"column":null}}],"line":440},"93":{"loc":{"start":{"line":449,"column":23},"end":{"line":449,"column":null}},"type":"binary-expr","locations":[{"start":{"line":449,"column":23},"end":{"line":449,"column":70}},{"start":{"line":449,"column":74},"end":{"line":449,"column":null}}],"line":449},"94":{"loc":{"start":{"line":449,"column":26},"end":{"line":449,"column":41}},"type":"binary-expr","locations":[{"start":{"line":449,"column":26},"end":{"line":449,"column":38}},{"start":{"line":449,"column":38},"end":{"line":449,"column":41}}],"line":449},"95":{"loc":{"start":{"line":449,"column":44},"end":{"line":449,"column":64}},"type":"binary-expr","locations":[{"start":{"line":449,"column":44},"end":{"line":449,"column":59}},{"start":{"line":449,"column":59},"end":{"line":449,"column":64}}],"line":449},"96":{"loc":{"start":{"line":451,"column":67},"end":{"line":451,"column":102}},"type":"binary-expr","locations":[{"start":{"line":451,"column":67},"end":{"line":451,"column":89}},{"start":{"line":451,"column":89},"end":{"line":451,"column":102}}],"line":451},"97":{"loc":{"start":{"line":472,"column":62},"end":{"line":472,"column":77}},"type":"binary-expr","locations":[{"start":{"line":472,"column":62},"end":{"line":472,"column":69}},{"start":{"line":472,"column":69},"end":{"line":472,"column":77}}],"line":472},"98":{"loc":{"start":{"line":474,"column":19},"end":{"line":475,"column":null}},"type":"binary-expr","locations":[{"start":{"line":474,"column":19},"end":{"line":474,"column":null}},{"start":{"line":475,"column":20},"end":{"line":475,"column":null}}],"line":474},"99":{"loc":{"start":{"line":479,"column":17},"end":{"line":488,"column":null}},"type":"binary-expr","locations":[{"start":{"line":479,"column":17},"end":{"line":479,"column":null}},{"start":{"line":480,"column":18},"end":{"line":488,"column":null}}],"line":479},"100":{"loc":{"start":{"line":483,"column":23},"end":{"line":483,"column":null}},"type":"cond-expr","locations":[{"start":{"line":483,"column":48},"end":{"line":483,"column":64}},{"start":{"line":483,"column":64},"end":{"line":483,"column":null}}],"line":483},"101":{"loc":{"start":{"line":487,"column":23},"end":{"line":487,"column":null}},"type":"cond-expr","locations":[{"start":{"line":487,"column":48},"end":{"line":487,"column":64}},{"start":{"line":487,"column":64},"end":{"line":487,"column":null}}],"line":487}},"s":{"0":1,"1":1,"2":1,"3":0,"4":0,"5":0,"6":0,"7":0,"8":0,"9":0,"10":0,"11":0,"12":0,"13":0,"14":0,"15":0,"16":0,"17":0,"18":0,"19":127,"20":127,"21":127,"22":127,"23":127,"24":127,"25":127,"26":127,"27":127,"28":127,"29":127,"30":127,"31":127,"32":31,"33":25,"34":25,"35":127,"36":31,"37":6,"38":6,"39":1,"40":1,"41":5,"42":5,"43":5,"44":5,"45":5,"46":0,"47":5,"48":0,"49":5,"50":9,"51":9,"52":0,"53":0,"54":9,"55":9,"56":9,"57":9,"58":1,"59":1,"60":1,"61":0,"62":0,"63":1,"64":1,"65":1,"66":0,"67":0,"68":0,"69":0,"70":0,"71":0,"72":0,"73":0,"74":0,"75":0,"76":0,"77":0,"78":0,"79":0,"80":0,"81":0,"82":0,"83":0,"84":0,"85":0,"86":0,"87":0,"88":0,"89":0,"90":0,"91":0,"92":0,"93":0,"94":0,"95":0,"96":0,"97":0,"98":0,"99":0,"100":0,"101":0,"102":0,"103":0,"104":0,"105":0,"106":0,"107":0,"108":0,"109":0,"110":0,"111":0,"112":0,"113":0,"114":0,"115":0,"116":0,"117":0,"118":0,"119":0,"120":0,"121":0,"122":0,"123":0,"124":0,"125":0,"126":0,"127":0,"128":0,"129":0,"130":0,"131":0,"132":0,"133":0,"134":0,"135":0,"136":0,"137":0,"138":0,"139":0,"140":0,"141":0,"142":0,"143":0,"144":0,"145":0,"146":0,"147":0,"148":0,"149":0,"150":0,"151":0,"152":127,"153":116,"154":928,"155":33,"156":33,"157":116,"158":348,"159":1,"160":1,"161":13,"162":13,"163":9,"164":9,"165":0,"166":0,"167":0,"168":0,"169":11,"170":2,"171":9,"172":0,"173":0,"174":0,"175":0,"176":1},"f":{"0":0,"1":0,"2":0,"3":127,"4":31,"5":25,"6":31,"7":6,"8":9,"9":1,"10":0,"11":0,"12":928,"13":33,"14":33,"15":348,"16":1,"17":1,"18":13,"19":13,"20":9,"21":0,"22":0,"23":0,"24":0,"25":0,"26":0},"b":{"0":[0,0],"1":[0,0],"2":[0,0],"3":[0,0],"4":[0,0,0],"5":[0,0],"6":[0,0],"7":[127],"8":[127],"9":[127],"10":[127],"11":[127,11],"12":[25,6],"13":[31,25],"14":[25,25,25],"15":[25,25,25],"16":[25,25,25],"17":[25,25,25],"18":[6,25],"19":[1,5],"20":[6,5],"21":[0,5],"22":[5,0],"23":[0,0],"24":[0,9],"25":[9,9],"26":[0,1],"27":[1,1],"28":[1,0],"29":[0,0],"30":[0,0],"31":[0,0],"32":[0,0],"33":[0,0],"34":[0,0],"35":[0,0],"36":[0,0],"37":[0,0],"38":[0,0],"39":[1,0],"40":[1,0],"41":[0,0],"42":[0,0],"43":[0,0],"44":[0,0],"45":[0,0],"46":[0,0],"47":[0,0],"48":[0,0],"49":[0,0],"50":[0,0],"51":[0,0],"52":[0,0],"53":[0,0],"54":[0,0],"55":[0,0],"56":[0,0],"57":[0,0],"58":[0,0],"59":[0,0],"60":[0,0],"61":[0,0],"62":[0,0],"63":[0,0],"64":[0,0],"65":[0,0],"66":[0,0],"67":[0,0],"68":[0,0],"69":[0,0],"70":[0,0],"71":[0,0],"72":[0,0],"73":[0,0],"74":[0,0],"75":[0,0],"76":[0,0],"77":[116,11],"78":[116,4],"79":[116,1],"80":[1,347],"81":[0,116],"82":[116,116,0],"83":[0,0],"84":[0,0],"85":[116,9],"86":[116,0],"87":[0,116],"88":[2,9],"89":[5,4],"90":[127,0],"91":[5,4],"92":[4,0],"93":[0,0],"94":[0,0],"95":[0,0],"96":[0,0],"97":[0,0],"98":[0,0],"99":[0,0],"100":[0,0],"101":[0,0]},"meta":{"lastBranch":102,"lastFunction":27,"lastStatement":177,"seen":{"s:20:22:20:Infinity":0,"s:21:22:21:Infinity":1,"s:22:6:22:58":2,"f:25:9:25:24":0,"b:26:2:26:Infinity:undefined:undefined:undefined:undefined":0,"s:26:2:26:Infinity":3,"s:26:14:26:Infinity":4,"s:27:2:30:Infinity":5,"f:33:9:33:21":1,"b:34:2:34:Infinity:undefined:undefined:undefined:undefined":1,"s:34:2:34:Infinity":6,"s:34:28:34:Infinity":7,"s:35:13:35:41":8,"s:36:13:36:41":9,"s:37:13:37:41":10,"s:38:15:38:Infinity":11,"b:38:26:38:38:38:38:38:Infinity":2,"s:39:15:39:41":12,"b:40:2:40:Infinity:undefined:undefined:undefined:undefined":3,"s:40:2:40:Infinity":13,"b:40:6:40:37:40:37:40:67:40:67:40:90":4,"s:40:90:40:Infinity":14,"s:41:2:41:Infinity":15,"f:45:9:45:21":2,"s:46:14:50:Infinity":16,"s:51:16:51:Infinity":17,"b:51:16:51:31:51:31:51:Infinity":5,"s:52:2:56:Infinity":18,"b:55:7:55:17:55:17:55:Infinity":6,"f:61:24:61:37":3,"b:62:17:62:Infinity":7,"b:64:17:64:Infinity":8,"b:65:17:65:Infinity":9,"b:66:17:66:Infinity":10,"s:70:22:70:Infinity":19,"s:71:22:71:Infinity":20,"b:71:22:71:38:71:38:71:Infinity":11,"s:73:26:73:70":21,"s:74:26:74:64":22,"s:75:26:75:63":23,"s:76:26:76:61":24,"s:77:26:77:61":25,"s:80:26:80:60":26,"s:81:26:81:60":27,"s:82:26:82:62":28,"s:83:26:83:63":29,"s:85:15:89:4":30,"s:92:2:102:Infinity":31,"f:92:2:92:18":4,"b:93:4:100:Infinity:undefined:undefined:undefined:undefined":12,"s:93:4:100:Infinity":32,"b:93:8:93:23:93:23:93:33":13,"s:94:6:100:Infinity":33,"f:94:6:94:15":5,"s:94:25:100:9":34,"b:96:22:96:43:96:43:96:63:96:63:96:Infinity":14,"b:97:22:97:43:97:43:97:64:97:64:97:Infinity":15,"b:98:22:98:43:98:43:98:64:98:64:98:Infinity":16,"b:99:22:99:43:99:43:99:63:99:63:99:Infinity":17,"s:105:2:107:Infinity":35,"f:105:2:105:18":6,"b:106:4:106:Infinity:undefined:undefined:undefined:undefined":18,"s:106:4:106:Infinity":36,"s:106:22:106:Infinity":37,"f:110:17:110:28":7,"b:111:4:111:Infinity:undefined:undefined:undefined:undefined":19,"s:111:4:111:Infinity":38,"b:111:8:111:24:111:24:111:34":20,"s:111:36:111:55":39,"s:111:55:111:Infinity":40,"s:112:4:112:Infinity":41,"s:113:4:113:Infinity":42,"s:114:4:124:Infinity":43,"s:115:35:118:52":44,"b:119:6:119:Infinity:undefined:undefined:undefined:undefined":21,"s:119:6:119:Infinity":45,"s:119:15:119:Infinity":46,"s:120:6:120:Infinity":47,"b:120:25:120:33:120:33:120:35":22,"s:122:6:122:Infinity":48,"b:122:15:122:30:122:30:122:61":23,"s:124:6:124:Infinity":49,"f:129:17:129:31":8,"s:130:4:130:Infinity":50,"b:131:4:131:Infinity:undefined:undefined:undefined:undefined":24,"s:131:4:131:Infinity":51,"s:131:25:131:47":52,"s:131:47:131:Infinity":53,"s:132:4:132:Infinity":54,"s:133:21:137:16":55,"s:138:4:138:Infinity":56,"s:139:4:139:Infinity":57,"b:139:21:139:29:139:29:139:31":25,"f:143:17:143:35":9,"s:144:4:144:Infinity":58,"s:145:4:145:Infinity":59,"b:147:4:147:Infinity:undefined:undefined:undefined:undefined":26,"s:147:4:147:Infinity":60,"b:147:8:147:36:147:36:147:65":27,"s:147:67:147:112":61,"s:147:112:147:Infinity":62,"b:148:4:148:Infinity:undefined:undefined:undefined:undefined":28,"s:148:4:148:Infinity":63,"s:148:38:148:76":64,"s:148:76:148:Infinity":65,"b:149:4:149:Infinity:undefined:undefined:undefined:undefined":29,"s:149:4:149:Infinity":66,"s:149:38:149:76":67,"s:149:76:149:Infinity":68,"b:150:4:150:Infinity:undefined:undefined:undefined:undefined":30,"s:150:4:150:Infinity":69,"s:150:38:150:76":70,"s:150:76:150:Infinity":71,"b:151:4:151:Infinity:undefined:undefined:undefined:undefined":31,"s:151:4:151:Infinity":72,"s:151:38:151:76":73,"s:151:76:151:Infinity":74,"b:152:4:152:Infinity:undefined:undefined:undefined:undefined":32,"s:152:4:152:Infinity":75,"s:152:38:152:76":76,"s:152:76:152:Infinity":77,"b:153:4:153:Infinity:undefined:undefined:undefined:undefined":33,"s:153:4:153:Infinity":78,"s:153:38:153:76":79,"s:153:76:153:Infinity":80,"s:155:16:155:50":81,"b:156:4:156:Infinity:undefined:undefined:undefined:undefined":34,"s:156:4:156:Infinity":82,"s:156:16:156:86":83,"s:156:86:156:Infinity":84,"b:157:4:157:Infinity:undefined:undefined:undefined:undefined":35,"s:157:4:157:Infinity":85,"s:157:40:157:81":86,"s:157:81:157:Infinity":87,"b:158:4:158:Infinity:undefined:undefined:undefined:undefined":36,"s:158:4:158:Infinity":88,"s:158:40:158:83":89,"s:158:83:158:Infinity":90,"b:159:4:159:Infinity:undefined:undefined:undefined:undefined":37,"s:159:4:159:Infinity":91,"s:159:40:159:91":92,"s:159:91:159:Infinity":93,"s:161:4:161:Infinity":94,"s:163:27:184:Infinity":95,"b:167:26:167:42:167:42:167:Infinity":38,"b:177:26:177:52:177:56:177:Infinity":39,"b:181:26:181:48:181:52:181:Infinity":40,"s:187:4:187:Infinity":96,"b:188:4:188:Infinity:undefined:undefined:undefined:undefined":41,"s:188:4:188:Infinity":97,"s:188:15:188:73":98,"b:188:24:188:39:188:39:188:71":42,"s:188:73:188:Infinity":99,"b:189:4:189:Infinity:undefined:undefined:undefined:undefined":43,"s:189:4:189:Infinity":100,"s:189:21:189:Infinity":101,"f:193:17:193:36":10,"b:194:4:194:Infinity:undefined:undefined:undefined:undefined":44,"s:194:4:194:Infinity":102,"s:194:22:194:Infinity":103,"s:195:4:195:Infinity":104,"s:196:4:196:Infinity":105,"s:197:16:197:40":106,"s:199:4:264:Infinity":107,"b:200:6:201:Infinity:undefined:undefined:undefined:undefined":45,"s:200:6:201:Infinity":108,"b:200:10:200:40:200:40:200:Infinity":46,"s:201:8:201:Infinity":109,"s:203:26:203:Infinity":110,"b:203:67:203:77:203:77:203:Infinity":47,"s:206:33:208:75":111,"s:210:22:210:Infinity":112,"b:210:22:210:38:210:38:210:Infinity":48,"b:212:6:230:Infinity:220:13:230:Infinity":49,"s:212:6:230:Infinity":113,"s:213:31:218:30":114,"b:214:16:214:36:214:36:214:40":50,"b:214:49:214:72:214:72:214:Infinity":51,"b:215:17:215:38:215:38:215:44":52,"b:215:58:215:86:215:86:215:Infinity":53,"b:216:15:216:34:216:34:216:40":54,"b:216:45:216:64:216:64:216:Infinity":55,"b:217:21:217:46:217:46:217:52":56,"b:219:8:219:Infinity:undefined:undefined:undefined:undefined":57,"s:219:8:219:Infinity":115,"s:219:17:219:Infinity":116,"s:221:47:228:32":117,"b:224:16:224:36:224:36:224:40":58,"b:224:49:224:72:224:72:224:Infinity":59,"b:225:17:225:38:225:38:225:44":60,"b:225:58:225:86:225:86:225:Infinity":61,"b:226:15:226:34:226:34:226:40":62,"b:226:45:226:64:226:64:226:Infinity":63,"b:227:21:227:46:227:46:227:52":64,"b:229:8:229:Infinity:undefined:undefined:undefined:undefined":65,"s:229:8:229:Infinity":118,"s:229:17:229:Infinity":119,"s:230:8:230:Infinity":120,"b:234:6:248:Infinity:undefined:undefined:undefined:undefined":66,"s:234:6:248:Infinity":121,"b:235:8:235:Infinity:undefined:undefined:undefined:undefined":67,"s:235:8:235:Infinity":122,"s:235:36:235:Infinity":123,"s:237:45:239:93":124,"b:241:8:248:Infinity:245:15:248:Infinity":68,"s:241:8:248:Infinity":125,"s:242:33:243:70":126,"b:244:10:244:Infinity:undefined:undefined:undefined:undefined":69,"s:244:10:244:Infinity":127,"s:244:19:244:Infinity":128,"s:246:33:247:97":129,"b:248:10:248:Infinity:undefined:undefined:undefined:undefined":70,"s:248:10:248:Infinity":130,"s:248:19:248:Infinity":131,"s:253:29:255:33":132,"b:256:6:256:Infinity:undefined:undefined:undefined:undefined":71,"s:256:6:256:Infinity":133,"s:256:15:256:Infinity":134,"b:258:6:258:Infinity:undefined:undefined:undefined:undefined":72,"s:258:6:258:Infinity":135,"s:258:25:258:Infinity":136,"s:259:6:259:Infinity":137,"s:260:6:260:Infinity":138,"s:262:6:262:Infinity":139,"b:262:15:262:30:262:30:262:63":73,"s:264:6:264:Infinity":140,"f:269:17:269:35":11,"b:270:4:270:Infinity:undefined:undefined:undefined:undefined":74,"s:270:4:270:Infinity":141,"s:270:22:270:Infinity":142,"s:271:4:271:Infinity":143,"s:272:4:272:Infinity":144,"s:273:4:282:Infinity":145,"s:274:29:276:32":146,"b:277:6:277:Infinity:undefined:undefined:undefined:undefined":75,"s:277:6:277:Infinity":147,"s:277:15:277:Infinity":148,"s:278:6:278:Infinity":149,"s:280:6:280:Infinity":150,"b:280:15:280:30:280:30:280:62":76,"s:282:6:282:Infinity":151,"b:287:2:407:Infinity:undefined:undefined:undefined:undefined":77,"s:287:2:407:Infinity":152,"s:288:10:288:87":153,"f:288:10:288:17":12,"s:288:17:288:87":154,"f:288:17:288:26":13,"s:288:32:288:87":155,"f:288:32:288:41":14,"s:288:51:288:87":156,"s:290:4:407:Infinity":157,"b:293:11:293:Infinity:294:12:294:Infinity":78,"b:300:11:300:20:300:20:300:Infinity":79,"f:331:45:331:50":15,"s:332:18:336:Infinity":158,"b:333:67:333:88:333:88:333:93":80,"f:334:20:334:35":16,"s:334:35:334:75":159,"f:334:35:334:44":17,"s:334:54:334:75":160,"f:346:18:346:29":18,"s:346:35:346:107":161,"f:346:35:346:44":19,"s:346:51:346:107":162,"b:365:40:365:62:365:62:365:Infinity":81,"f:366:16:366:27":20,"s:366:35:366:60":163,"s:366:60:366:Infinity":164,"b:369:15:369:34:369:34:369:Infinity:370:16:378:Infinity":82,"f:371:33:371:38":21,"s:372:20:376:Infinity":165,"f:373:22:373:37":22,"s:373:39:373:61":166,"s:373:61:373:85":167,"s:373:85:373:Infinity":168,"b:375:50:375:64:375:64:375:68":83,"b:375:71:375:85:375:85:375:Infinity":84,"b:381:15:381:35:381:35:381:Infinity":85,"b:382:15:382:Infinity:383:16:383:Infinity":86,"b:402:30:402:46:402:46:402:Infinity":87,"b:412:2:419:Infinity:undefined:undefined:undefined:undefined":88,"s:412:2:419:Infinity":169,"s:413:4:419:Infinity":170,"s:423:2:496:Infinity":171,"b:432:23:432:39:432:39:432:Infinity":89,"b:436:9:436:18:436:18:436:Infinity":90,"b:439:10:440:28:440:12:493:Infinity":91,"b:441:10:443:11:443:10:493:Infinity":92,"f:444:29:444:34":23,"s:445:14:491:Infinity":172,"b:449:23:449:70:449:74:449:Infinity":93,"b:449:26:449:38:449:38:449:41":94,"b:449:44:449:59:449:59:449:64":95,"b:451:67:451:89:451:89:451:102":96,"f:471:20:471:25":24,"s:472:20:472:Infinity":173,"b:472:62:472:69:472:69:472:77":97,"b:474:19:474:Infinity:475:20:475:Infinity":98,"b:479:17:479:Infinity:480:18:488:Infinity":99,"f:482:22:482:37":25,"s:482:37:482:62":174,"b:483:48:483:64:483:64:483:Infinity":100,"f:486:22:486:37":26,"s:486:37:486:60":175,"b:487:48:487:64:487:64:487:Infinity":101,"s:501:11:551:Infinity":176}}}
}
